ERROR - 2022-10-26 20:13:43 --> Error connecting to the database: mysqli_sql_exception: No such file or directory in /home/linkerb/alcaldia/ordenanzasamss/vendor/codeigniter4/framework/system/Database/MySQLi/Connection.php:171
Stack trace:
#0 /home/linkerb/alcaldia/ordenanzasamss/vendor/codeigniter4/framework/system/Database/MySQLi/Connection.php(171): mysqli->real_connect()
#1 /home/linkerb/alcaldia/ordenanzasamss/vendor/codeigniter4/framework/system/Database/BaseConnection.php(382): CodeIgniter\Database\MySQLi\Connection->connect()
#2 /home/linkerb/alcaldia/ordenanzasamss/vendor/codeigniter4/framework/system/Database/BaseConnection.php(588): CodeIgniter\Database\BaseConnection->initialize()
#3 /home/linkerb/alcaldia/ordenanzasamss/app/Controllers/Home.php(12): CodeIgniter\Database\BaseConnection->query()
#4 /home/linkerb/alcaldia/ordenanzasamss/vendor/codeigniter4/framework/system/CodeIgniter.php(902): App\Controllers\Home->index()
#5 /home/linkerb/alcaldia/ordenanzasamss/vendor/codeigniter4/framework/system/CodeIgniter.php(457): CodeIgniter\CodeIgniter->runController()
#6 /home/linkerb/alcaldia/ordenanzasamss/vendor/codeigniter4/framework/system/CodeIgniter.php(340): CodeIgniter\CodeIgniter->handleRequest()
#7 /home/linkerb/alcaldia/ordenanzasamss/public/index.php(67): CodeIgniter\CodeIgniter->run()
#8 /home/linkerb/alcaldia/ordenanzasamss/vendor/codeigniter4/framework/system/Commands/Server/rewrite.php(46): require_once('/home/linkerb/a...')
#9 {main}

Next CodeIgniter\Database\Exceptions\DatabaseException: No such file or directory in /home/linkerb/alcaldia/ordenanzasamss/vendor/codeigniter4/framework/system/Database/MySQLi/Connection.php:215
Stack trace:
#0 /home/linkerb/alcaldia/ordenanzasamss/vendor/codeigniter4/framework/system/Database/BaseConnection.php(382): CodeIgniter\Database\MySQLi\Connection->connect()
#1 /home/linkerb/alcaldia/ordenanzasamss/vendor/codeigniter4/framework/system/Database/BaseConnection.php(588): CodeIgniter\Database\BaseConnection->initialize()
#2 /home/linkerb/alcaldia/ordenanzasamss/app/Controllers/Home.php(12): CodeIgniter\Database\BaseConnection->query()
#3 /home/linkerb/alcaldia/ordenanzasamss/vendor/codeigniter4/framework/system/CodeIgniter.php(902): App\Controllers\Home->index()
#4 /home/linkerb/alcaldia/ordenanzasamss/vendor/codeigniter4/framework/system/CodeIgniter.php(457): CodeIgniter\CodeIgniter->runController()
#5 /home/linkerb/alcaldia/ordenanzasamss/vendor/codeigniter4/framework/system/CodeIgniter.php(340): CodeIgniter\CodeIgniter->handleRequest()
#6 /home/linkerb/alcaldia/ordenanzasamss/public/index.php(67): CodeIgniter\CodeIgniter->run()
#7 /home/linkerb/alcaldia/ordenanzasamss/vendor/codeigniter4/framework/system/Commands/Server/rewrite.php(46): require_once('/home/linkerb/a...')
#8 {main}
CRITICAL - 2022-10-26 20:13:43 --> Unable to connect to the database.
Main connection [MySQLi]: No such file or directory
in SYSTEMPATH/Database/BaseConnection.php on line 418.
 1 SYSTEMPATH/Database/BaseConnection.php(588): CodeIgniter\Database\BaseConnection->initialize()
 2 APPPATH/Controllers/Home.php(12): CodeIgniter\Database\BaseConnection->query()
 3 SYSTEMPATH/CodeIgniter.php(902): App\Controllers\Home->index()
 4 SYSTEMPATH/CodeIgniter.php(457): CodeIgniter\CodeIgniter->runController()
 5 SYSTEMPATH/CodeIgniter.php(340): CodeIgniter\CodeIgniter->handleRequest()
 6 FCPATH/index.php(67): CodeIgniter\CodeIgniter->run()
 7 SYSTEMPATH/Commands/Server/rewrite.php(46): require_once('FCPATH/index.php')
ERROR - 2022-10-26 20:14:49 --> mysqli_sql_exception: Table 'ordenanzas.servicios_municipales' doesn't exist in /home/linkerb/alcaldia/ordenanzasamss/vendor/codeigniter4/framework/system/Database/MySQLi/Connection.php:292
Stack trace:
#0 /home/linkerb/alcaldia/ordenanzasamss/vendor/codeigniter4/framework/system/Database/MySQLi/Connection.php(292): mysqli->query()
#1 /home/linkerb/alcaldia/ordenanzasamss/vendor/codeigniter4/framework/system/Database/BaseConnection.php(693): CodeIgniter\Database\MySQLi\Connection->execute()
#2 /home/linkerb/alcaldia/ordenanzasamss/vendor/codeigniter4/framework/system/Database/BaseConnection.php(620): CodeIgniter\Database\BaseConnection->simpleQuery()
#3 /home/linkerb/alcaldia/ordenanzasamss/vendor/codeigniter4/framework/system/Database/BaseBuilder.php(1585): CodeIgniter\Database\BaseConnection->query()
#4 /home/linkerb/alcaldia/ordenanzasamss/app/Controllers/ServiciosController.php(32): CodeIgniter\Database\BaseBuilder->get()
#5 /home/linkerb/alcaldia/ordenanzasamss/vendor/codeigniter4/framework/system/CodeIgniter.php(902): App\Controllers\ServiciosController->getServicios()
#6 /home/linkerb/alcaldia/ordenanzasamss/vendor/codeigniter4/framework/system/CodeIgniter.php(457): CodeIgniter\CodeIgniter->runController()
#7 /home/linkerb/alcaldia/ordenanzasamss/vendor/codeigniter4/framework/system/CodeIgniter.php(340): CodeIgniter\CodeIgniter->handleRequest()
#8 /home/linkerb/alcaldia/ordenanzasamss/public/index.php(67): CodeIgniter\CodeIgniter->run()
#9 /home/linkerb/alcaldia/ordenanzasamss/vendor/codeigniter4/framework/system/Commands/Server/rewrite.php(46): require_once('/home/linkerb/a...')
#10 {main}
CRITICAL - 2022-10-26 20:14:49 --> Call to a member function getRowArray() on bool
in APPPATH/Controllers/ServiciosController.php on line 33.
 1 SYSTEMPATH/CodeIgniter.php(902): App\Controllers\ServiciosController->getServicios()
 2 SYSTEMPATH/CodeIgniter.php(457): CodeIgniter\CodeIgniter->runController()
 3 SYSTEMPATH/CodeIgniter.php(340): CodeIgniter\CodeIgniter->handleRequest()
 4 FCPATH/index.php(67): CodeIgniter\CodeIgniter->run()
 5 SYSTEMPATH/Commands/Server/rewrite.php(46): require_once('FCPATH/index.php')
ERROR - 2022-10-26 20:14:53 --> mysqli_sql_exception: Table 'ordenanzas.servicios_municipales' doesn't exist in /home/linkerb/alcaldia/ordenanzasamss/vendor/codeigniter4/framework/system/Database/MySQLi/Connection.php:292
Stack trace:
#0 /home/linkerb/alcaldia/ordenanzasamss/vendor/codeigniter4/framework/system/Database/MySQLi/Connection.php(292): mysqli->query()
#1 /home/linkerb/alcaldia/ordenanzasamss/vendor/codeigniter4/framework/system/Database/BaseConnection.php(693): CodeIgniter\Database\MySQLi\Connection->execute()
#2 /home/linkerb/alcaldia/ordenanzasamss/vendor/codeigniter4/framework/system/Database/BaseConnection.php(620): CodeIgniter\Database\BaseConnection->simpleQuery()
#3 /home/linkerb/alcaldia/ordenanzasamss/vendor/codeigniter4/framework/system/Database/BaseBuilder.php(1585): CodeIgniter\Database\BaseConnection->query()
#4 /home/linkerb/alcaldia/ordenanzasamss/app/Controllers/ServiciosController.php(32): CodeIgniter\Database\BaseBuilder->get()
#5 /home/linkerb/alcaldia/ordenanzasamss/vendor/codeigniter4/framework/system/CodeIgniter.php(902): App\Controllers\ServiciosController->getServicios()
#6 /home/linkerb/alcaldia/ordenanzasamss/vendor/codeigniter4/framework/system/CodeIgniter.php(457): CodeIgniter\CodeIgniter->runController()
#7 /home/linkerb/alcaldia/ordenanzasamss/vendor/codeigniter4/framework/system/CodeIgniter.php(340): CodeIgniter\CodeIgniter->handleRequest()
#8 /home/linkerb/alcaldia/ordenanzasamss/public/index.php(67): CodeIgniter\CodeIgniter->run()
#9 /home/linkerb/alcaldia/ordenanzasamss/vendor/codeigniter4/framework/system/Commands/Server/rewrite.php(46): require_once('/home/linkerb/a...')
#10 {main}
CRITICAL - 2022-10-26 20:14:53 --> Call to a member function getRowArray() on bool
in APPPATH/Controllers/ServiciosController.php on line 33.
 1 SYSTEMPATH/CodeIgniter.php(902): App\Controllers\ServiciosController->getServicios()
 2 SYSTEMPATH/CodeIgniter.php(457): CodeIgniter\CodeIgniter->runController()
 3 SYSTEMPATH/CodeIgniter.php(340): CodeIgniter\CodeIgniter->handleRequest()
 4 FCPATH/index.php(67): CodeIgniter\CodeIgniter->run()
 5 SYSTEMPATH/Commands/Server/rewrite.php(46): require_once('FCPATH/index.php')
