ERROR - 2022-11-05 15:07:18 --> mysqli_sql_exception: Table 'ordenanzas.servicios_municipales' doesn't exist in /home/linkerb/alcaldia/ordenanzasamss/vendor/codeigniter4/framework/system/Database/MySQLi/Connection.php:292
Stack trace:
#0 /home/linkerb/alcaldia/ordenanzasamss/vendor/codeigniter4/framework/system/Database/MySQLi/Connection.php(292): mysqli->query()
#1 /home/linkerb/alcaldia/ordenanzasamss/vendor/codeigniter4/framework/system/Database/BaseConnection.php(693): CodeIgniter\Database\MySQLi\Connection->execute()
#2 /home/linkerb/alcaldia/ordenanzasamss/vendor/codeigniter4/framework/system/Database/BaseConnection.php(620): CodeIgniter\Database\BaseConnection->simpleQuery()
#3 /home/linkerb/alcaldia/ordenanzasamss/vendor/codeigniter4/framework/system/Database/BaseBuilder.php(1585): CodeIgniter\Database\BaseConnection->query()
#4 /home/linkerb/alcaldia/ordenanzasamss/app/Controllers/ServiciosController.php(196): CodeIgniter\Database\BaseBuilder->get()
#5 /home/linkerb/alcaldia/ordenanzasamss/vendor/codeigniter4/framework/system/CodeIgniter.php(902): App\Controllers\ServiciosController->getServicios()
#6 /home/linkerb/alcaldia/ordenanzasamss/vendor/codeigniter4/framework/system/CodeIgniter.php(457): CodeIgniter\CodeIgniter->runController()
#7 /home/linkerb/alcaldia/ordenanzasamss/vendor/codeigniter4/framework/system/CodeIgniter.php(340): CodeIgniter\CodeIgniter->handleRequest()
#8 /home/linkerb/alcaldia/ordenanzasamss/public/index.php(67): CodeIgniter\CodeIgniter->run()
#9 /home/linkerb/alcaldia/ordenanzasamss/vendor/codeigniter4/framework/system/Commands/Server/rewrite.php(46): require_once('/home/linkerb/a...')
#10 {main}
CRITICAL - 2022-11-05 15:07:18 --> Call to a member function getRowArray() on bool
in APPPATH/Controllers/ServiciosController.php on line 197.
 1 SYSTEMPATH/CodeIgniter.php(902): App\Controllers\ServiciosController->getServicios()
 2 SYSTEMPATH/CodeIgniter.php(457): CodeIgniter\CodeIgniter->runController()
 3 SYSTEMPATH/CodeIgniter.php(340): CodeIgniter\CodeIgniter->handleRequest()
 4 FCPATH/index.php(67): CodeIgniter\CodeIgniter->run()
 5 SYSTEMPATH/Commands/Server/rewrite.php(46): require_once('FCPATH/index.php')
ERROR - 2022-11-05 15:12:42 --> mysqli_sql_exception: Table 'ordenanzas.servicios_municipales' doesn't exist in /home/linkerb/alcaldia/ordenanzasamss/vendor/codeigniter4/framework/system/Database/MySQLi/Connection.php:292
Stack trace:
#0 /home/linkerb/alcaldia/ordenanzasamss/vendor/codeigniter4/framework/system/Database/MySQLi/Connection.php(292): mysqli->query()
#1 /home/linkerb/alcaldia/ordenanzasamss/vendor/codeigniter4/framework/system/Database/BaseConnection.php(693): CodeIgniter\Database\MySQLi\Connection->execute()
#2 /home/linkerb/alcaldia/ordenanzasamss/vendor/codeigniter4/framework/system/Database/BaseConnection.php(620): CodeIgniter\Database\BaseConnection->simpleQuery()
#3 /home/linkerb/alcaldia/ordenanzasamss/vendor/codeigniter4/framework/system/Database/BaseBuilder.php(1585): CodeIgniter\Database\BaseConnection->query()
#4 /home/linkerb/alcaldia/ordenanzasamss/app/Controllers/ServiciosController.php(196): CodeIgniter\Database\BaseBuilder->get()
#5 /home/linkerb/alcaldia/ordenanzasamss/vendor/codeigniter4/framework/system/CodeIgniter.php(902): App\Controllers\ServiciosController->getServicios()
#6 /home/linkerb/alcaldia/ordenanzasamss/vendor/codeigniter4/framework/system/CodeIgniter.php(457): CodeIgniter\CodeIgniter->runController()
#7 /home/linkerb/alcaldia/ordenanzasamss/vendor/codeigniter4/framework/system/CodeIgniter.php(340): CodeIgniter\CodeIgniter->handleRequest()
#8 /home/linkerb/alcaldia/ordenanzasamss/public/index.php(67): CodeIgniter\CodeIgniter->run()
#9 /home/linkerb/alcaldia/ordenanzasamss/vendor/codeigniter4/framework/system/Commands/Server/rewrite.php(46): require_once('/home/linkerb/a...')
#10 {main}
CRITICAL - 2022-11-05 15:12:42 --> Call to a member function getRowArray() on bool
in APPPATH/Controllers/ServiciosController.php on line 197.
 1 SYSTEMPATH/CodeIgniter.php(902): App\Controllers\ServiciosController->getServicios()
 2 SYSTEMPATH/CodeIgniter.php(457): CodeIgniter\CodeIgniter->runController()
 3 SYSTEMPATH/CodeIgniter.php(340): CodeIgniter\CodeIgniter->handleRequest()
 4 FCPATH/index.php(67): CodeIgniter\CodeIgniter->run()
 5 SYSTEMPATH/Commands/Server/rewrite.php(46): require_once('FCPATH/index.php')
