ERROR - 2022-10-24 20:37:32 --> mysqli_sql_exception: Table 'ordenanzas.servicios_municipales' doesn't exist in /home/linkerb/alcaldia/ordenanzasamss/vendor/codeigniter4/framework/system/Database/MySQLi/Connection.php:292
Stack trace:
#0 /home/linkerb/alcaldia/ordenanzasamss/vendor/codeigniter4/framework/system/Database/MySQLi/Connection.php(292): mysqli->query()
#1 /home/linkerb/alcaldia/ordenanzasamss/vendor/codeigniter4/framework/system/Database/BaseConnection.php(693): CodeIgniter\Database\MySQLi\Connection->execute()
#2 /home/linkerb/alcaldia/ordenanzasamss/vendor/codeigniter4/framework/system/Database/BaseConnection.php(620): CodeIgniter\Database\BaseConnection->simpleQuery()
#3 /home/linkerb/alcaldia/ordenanzasamss/vendor/codeigniter4/framework/system/Database/BaseBuilder.php(1585): CodeIgniter\Database\BaseConnection->query()
#4 /home/linkerb/alcaldia/ordenanzasamss/app/Controllers/ServiciosController.php(32): CodeIgniter\Database\BaseBuilder->get()
#5 /home/linkerb/alcaldia/ordenanzasamss/vendor/codeigniter4/framework/system/CodeIgniter.php(902): App\Controllers\ServiciosController->getServicios()
#6 /home/linkerb/alcaldia/ordenanzasamss/vendor/codeigniter4/framework/system/CodeIgniter.php(457): CodeIgniter\CodeIgniter->runController()
#7 /home/linkerb/alcaldia/ordenanzasamss/vendor/codeigniter4/framework/system/CodeIgniter.php(340): CodeIgniter\CodeIgniter->handleRequest()
#8 /home/linkerb/alcaldia/ordenanzasamss/public/index.php(67): CodeIgniter\CodeIgniter->run()
#9 /home/linkerb/alcaldia/ordenanzasamss/vendor/codeigniter4/framework/system/Commands/Server/rewrite.php(46): require_once('/home/linkerb/a...')
#10 {main}
CRITICAL - 2022-10-24 20:37:32 --> Call to a member function getRowArray() on bool
in APPPATH/Controllers/ServiciosController.php on line 33.
 1 SYSTEMPATH/CodeIgniter.php(902): App\Controllers\ServiciosController->getServicios()
 2 SYSTEMPATH/CodeIgniter.php(457): CodeIgniter\CodeIgniter->runController()
 3 SYSTEMPATH/CodeIgniter.php(340): CodeIgniter\CodeIgniter->handleRequest()
 4 FCPATH/index.php(67): CodeIgniter\CodeIgniter->run()
 5 SYSTEMPATH/Commands/Server/rewrite.php(46): require_once('FCPATH/index.php')
ERROR - 2022-10-24 21:43:01 --> mysqli_sql_exception: Table 'ordenanzas.servicios_municipales' doesn't exist in /home/linkerb/alcaldia/ordenanzasamss/vendor/codeigniter4/framework/system/Database/MySQLi/Connection.php:292
Stack trace:
#0 /home/linkerb/alcaldia/ordenanzasamss/vendor/codeigniter4/framework/system/Database/MySQLi/Connection.php(292): mysqli->query()
#1 /home/linkerb/alcaldia/ordenanzasamss/vendor/codeigniter4/framework/system/Database/BaseConnection.php(693): CodeIgniter\Database\MySQLi\Connection->execute()
#2 /home/linkerb/alcaldia/ordenanzasamss/vendor/codeigniter4/framework/system/Database/BaseConnection.php(620): CodeIgniter\Database\BaseConnection->simpleQuery()
#3 /home/linkerb/alcaldia/ordenanzasamss/vendor/codeigniter4/framework/system/Database/BaseBuilder.php(1585): CodeIgniter\Database\BaseConnection->query()
#4 /home/linkerb/alcaldia/ordenanzasamss/app/Controllers/ServiciosController.php(32): CodeIgniter\Database\BaseBuilder->get()
#5 /home/linkerb/alcaldia/ordenanzasamss/vendor/codeigniter4/framework/system/CodeIgniter.php(902): App\Controllers\ServiciosController->getServicios()
#6 /home/linkerb/alcaldia/ordenanzasamss/vendor/codeigniter4/framework/system/CodeIgniter.php(457): CodeIgniter\CodeIgniter->runController()
#7 /home/linkerb/alcaldia/ordenanzasamss/vendor/codeigniter4/framework/system/CodeIgniter.php(340): CodeIgniter\CodeIgniter->handleRequest()
#8 /home/linkerb/alcaldia/ordenanzasamss/public/index.php(67): CodeIgniter\CodeIgniter->run()
#9 /home/linkerb/alcaldia/ordenanzasamss/vendor/codeigniter4/framework/system/Commands/Server/rewrite.php(46): require_once('/home/linkerb/a...')
#10 {main}
CRITICAL - 2022-10-24 21:43:01 --> Call to a member function getRowArray() on bool
in APPPATH/Controllers/ServiciosController.php on line 33.
 1 SYSTEMPATH/CodeIgniter.php(902): App\Controllers\ServiciosController->getServicios()
 2 SYSTEMPATH/CodeIgniter.php(457): CodeIgniter\CodeIgniter->runController()
 3 SYSTEMPATH/CodeIgniter.php(340): CodeIgniter\CodeIgniter->handleRequest()
 4 FCPATH/index.php(67): CodeIgniter\CodeIgniter->run()
 5 SYSTEMPATH/Commands/Server/rewrite.php(46): require_once('FCPATH/index.php')
CRITICAL - 2022-10-24 21:54:37 --> Use of undefined constant console - assumed 'console' (this will throw an Error in a future version of PHP)
in APPPATH/Controllers/ServiciosController.php on line 60.
 1 APPPATH/Controllers/ServiciosController.php(60): CodeIgniter\Debug\Exceptions->errorHandler()
 2 SYSTEMPATH/CodeIgniter.php(902): App\Controllers\ServiciosController->getCalcularTasas()
 3 SYSTEMPATH/CodeIgniter.php(457): CodeIgniter\CodeIgniter->runController()
 4 SYSTEMPATH/CodeIgniter.php(340): CodeIgniter\CodeIgniter->handleRequest()
 5 FCPATH/index.php(67): CodeIgniter\CodeIgniter->run()
 6 SYSTEMPATH/Commands/Server/rewrite.php(46): require_once('FCPATH/index.php')
CRITICAL - 2022-10-24 21:54:42 --> Use of undefined constant console - assumed 'console' (this will throw an Error in a future version of PHP)
in APPPATH/Controllers/ServiciosController.php on line 60.
 1 APPPATH/Controllers/ServiciosController.php(60): CodeIgniter\Debug\Exceptions->errorHandler()
 2 SYSTEMPATH/CodeIgniter.php(902): App\Controllers\ServiciosController->getCalcularTasas()
 3 SYSTEMPATH/CodeIgniter.php(457): CodeIgniter\CodeIgniter->runController()
 4 SYSTEMPATH/CodeIgniter.php(340): CodeIgniter\CodeIgniter->handleRequest()
 5 FCPATH/index.php(67): CodeIgniter\CodeIgniter->run()
 6 SYSTEMPATH/Commands/Server/rewrite.php(46): require_once('FCPATH/index.php')
CRITICAL - 2022-10-24 21:54:58 --> Use of undefined constant console - assumed 'console' (this will throw an Error in a future version of PHP)
in APPPATH/Controllers/ServiciosController.php on line 60.
 1 APPPATH/Controllers/ServiciosController.php(60): CodeIgniter\Debug\Exceptions->errorHandler()
 2 SYSTEMPATH/CodeIgniter.php(902): App\Controllers\ServiciosController->getCalcularTasas()
 3 SYSTEMPATH/CodeIgniter.php(457): CodeIgniter\CodeIgniter->runController()
 4 SYSTEMPATH/CodeIgniter.php(340): CodeIgniter\CodeIgniter->handleRequest()
 5 FCPATH/index.php(67): CodeIgniter\CodeIgniter->run()
 6 SYSTEMPATH/Commands/Server/rewrite.php(46): require_once('FCPATH/index.php')
CRITICAL - 2022-10-24 21:55:38 --> Use of undefined constant console - assumed 'console' (this will throw an Error in a future version of PHP)
in APPPATH/Controllers/ServiciosController.php on line 60.
 1 APPPATH/Controllers/ServiciosController.php(60): CodeIgniter\Debug\Exceptions->errorHandler()
 2 SYSTEMPATH/CodeIgniter.php(902): App\Controllers\ServiciosController->getCalcularTasas()
 3 SYSTEMPATH/CodeIgniter.php(457): CodeIgniter\CodeIgniter->runController()
 4 SYSTEMPATH/CodeIgniter.php(340): CodeIgniter\CodeIgniter->handleRequest()
 5 FCPATH/index.php(67): CodeIgniter\CodeIgniter->run()
 6 SYSTEMPATH/Commands/Server/rewrite.php(46): require_once('FCPATH/index.php')
ERROR - 2022-10-24 22:01:31 --> mysqli_sql_exception: Table 'ordenanzas.servicios_municipales' doesn't exist in /home/linkerb/alcaldia/ordenanzasamss/vendor/codeigniter4/framework/system/Database/MySQLi/Connection.php:292
Stack trace:
#0 /home/linkerb/alcaldia/ordenanzasamss/vendor/codeigniter4/framework/system/Database/MySQLi/Connection.php(292): mysqli->query()
#1 /home/linkerb/alcaldia/ordenanzasamss/vendor/codeigniter4/framework/system/Database/BaseConnection.php(693): CodeIgniter\Database\MySQLi\Connection->execute()
#2 /home/linkerb/alcaldia/ordenanzasamss/vendor/codeigniter4/framework/system/Database/BaseConnection.php(620): CodeIgniter\Database\BaseConnection->simpleQuery()
#3 /home/linkerb/alcaldia/ordenanzasamss/vendor/codeigniter4/framework/system/Database/BaseBuilder.php(1585): CodeIgniter\Database\BaseConnection->query()
#4 /home/linkerb/alcaldia/ordenanzasamss/app/Controllers/ServiciosController.php(32): CodeIgniter\Database\BaseBuilder->get()
#5 /home/linkerb/alcaldia/ordenanzasamss/vendor/codeigniter4/framework/system/CodeIgniter.php(902): App\Controllers\ServiciosController->getServicios()
#6 /home/linkerb/alcaldia/ordenanzasamss/vendor/codeigniter4/framework/system/CodeIgniter.php(457): CodeIgniter\CodeIgniter->runController()
#7 /home/linkerb/alcaldia/ordenanzasamss/vendor/codeigniter4/framework/system/CodeIgniter.php(340): CodeIgniter\CodeIgniter->handleRequest()
#8 /home/linkerb/alcaldia/ordenanzasamss/public/index.php(67): CodeIgniter\CodeIgniter->run()
#9 /home/linkerb/alcaldia/ordenanzasamss/vendor/codeigniter4/framework/system/Commands/Server/rewrite.php(46): require_once('/home/linkerb/a...')
#10 {main}
CRITICAL - 2022-10-24 22:01:31 --> Call to a member function getRowArray() on bool
in APPPATH/Controllers/ServiciosController.php on line 33.
 1 SYSTEMPATH/CodeIgniter.php(902): App\Controllers\ServiciosController->getServicios()
 2 SYSTEMPATH/CodeIgniter.php(457): CodeIgniter\CodeIgniter->runController()
 3 SYSTEMPATH/CodeIgniter.php(340): CodeIgniter\CodeIgniter->handleRequest()
 4 FCPATH/index.php(67): CodeIgniter\CodeIgniter->run()
 5 SYSTEMPATH/Commands/Server/rewrite.php(46): require_once('FCPATH/index.php')
ERROR - 2022-10-24 22:01:38 --> mysqli_sql_exception: Table 'ordenanzas.servicios_municipales' doesn't exist in /home/linkerb/alcaldia/ordenanzasamss/vendor/codeigniter4/framework/system/Database/MySQLi/Connection.php:292
Stack trace:
#0 /home/linkerb/alcaldia/ordenanzasamss/vendor/codeigniter4/framework/system/Database/MySQLi/Connection.php(292): mysqli->query()
#1 /home/linkerb/alcaldia/ordenanzasamss/vendor/codeigniter4/framework/system/Database/BaseConnection.php(693): CodeIgniter\Database\MySQLi\Connection->execute()
#2 /home/linkerb/alcaldia/ordenanzasamss/vendor/codeigniter4/framework/system/Database/BaseConnection.php(620): CodeIgniter\Database\BaseConnection->simpleQuery()
#3 /home/linkerb/alcaldia/ordenanzasamss/vendor/codeigniter4/framework/system/Database/BaseBuilder.php(1585): CodeIgniter\Database\BaseConnection->query()
#4 /home/linkerb/alcaldia/ordenanzasamss/app/Controllers/ServiciosController.php(32): CodeIgniter\Database\BaseBuilder->get()
#5 /home/linkerb/alcaldia/ordenanzasamss/vendor/codeigniter4/framework/system/CodeIgniter.php(902): App\Controllers\ServiciosController->getServicios()
#6 /home/linkerb/alcaldia/ordenanzasamss/vendor/codeigniter4/framework/system/CodeIgniter.php(457): CodeIgniter\CodeIgniter->runController()
#7 /home/linkerb/alcaldia/ordenanzasamss/vendor/codeigniter4/framework/system/CodeIgniter.php(340): CodeIgniter\CodeIgniter->handleRequest()
#8 /home/linkerb/alcaldia/ordenanzasamss/public/index.php(67): CodeIgniter\CodeIgniter->run()
#9 /home/linkerb/alcaldia/ordenanzasamss/vendor/codeigniter4/framework/system/Commands/Server/rewrite.php(46): require_once('/home/linkerb/a...')
#10 {main}
CRITICAL - 2022-10-24 22:01:38 --> Call to a member function getRowArray() on bool
in APPPATH/Controllers/ServiciosController.php on line 33.
 1 SYSTEMPATH/CodeIgniter.php(902): App\Controllers\ServiciosController->getServicios()
 2 SYSTEMPATH/CodeIgniter.php(457): CodeIgniter\CodeIgniter->runController()
 3 SYSTEMPATH/CodeIgniter.php(340): CodeIgniter\CodeIgniter->handleRequest()
 4 FCPATH/index.php(67): CodeIgniter\CodeIgniter->run()
 5 SYSTEMPATH/Commands/Server/rewrite.php(46): require_once('FCPATH/index.php')
CRITICAL - 2022-10-24 22:12:41 --> syntax error, unexpected '}'
in APPPATH/Controllers/ServiciosController.php on line 69.
 1 SYSTEMPATH/Autoloader/Autoloader.php(259): CodeIgniter\Autoloader\Autoloader->includeFile()
 2 SYSTEMPATH/Autoloader/Autoloader.php(237): CodeIgniter\Autoloader\Autoloader->loadInNamespace()
 3 [internal function]: CodeIgniter\Autoloader\Autoloader->loadClass()
 4 [internal function]: spl_autoload_call()
 5 SYSTEMPATH/CodeIgniter.php(852): class_exists()
 6 SYSTEMPATH/CodeIgniter.php(444): CodeIgniter\CodeIgniter->startController()
 7 SYSTEMPATH/CodeIgniter.php(340): CodeIgniter\CodeIgniter->handleRequest()
 8 FCPATH/index.php(67): CodeIgniter\CodeIgniter->run()
 9 SYSTEMPATH/Commands/Server/rewrite.php(46): require_once('FCPATH/index.php')
CRITICAL - 2022-10-24 22:14:33 --> syntax error, unexpected '}'
in APPPATH/Controllers/ServiciosController.php on line 69.
 1 SYSTEMPATH/Autoloader/Autoloader.php(259): CodeIgniter\Autoloader\Autoloader->includeFile()
 2 SYSTEMPATH/Autoloader/Autoloader.php(237): CodeIgniter\Autoloader\Autoloader->loadInNamespace()
 3 [internal function]: CodeIgniter\Autoloader\Autoloader->loadClass()
 4 [internal function]: spl_autoload_call()
 5 SYSTEMPATH/CodeIgniter.php(852): class_exists()
 6 SYSTEMPATH/CodeIgniter.php(444): CodeIgniter\CodeIgniter->startController()
 7 SYSTEMPATH/CodeIgniter.php(340): CodeIgniter\CodeIgniter->handleRequest()
 8 FCPATH/index.php(67): CodeIgniter\CodeIgniter->run()
 9 SYSTEMPATH/Commands/Server/rewrite.php(46): require_once('FCPATH/index.php')
CRITICAL - 2022-10-24 22:17:30 --> syntax error, unexpected '}'
in APPPATH/Controllers/ServiciosController.php on line 69.
 1 SYSTEMPATH/Autoloader/Autoloader.php(259): CodeIgniter\Autoloader\Autoloader->includeFile()
 2 SYSTEMPATH/Autoloader/Autoloader.php(237): CodeIgniter\Autoloader\Autoloader->loadInNamespace()
 3 [internal function]: CodeIgniter\Autoloader\Autoloader->loadClass()
 4 [internal function]: spl_autoload_call()
 5 SYSTEMPATH/CodeIgniter.php(852): class_exists()
 6 SYSTEMPATH/CodeIgniter.php(444): CodeIgniter\CodeIgniter->startController()
 7 SYSTEMPATH/CodeIgniter.php(340): CodeIgniter\CodeIgniter->handleRequest()
 8 FCPATH/index.php(67): CodeIgniter\CodeIgniter->run()
 9 SYSTEMPATH/Commands/Server/rewrite.php(46): require_once('FCPATH/index.php')
CRITICAL - 2022-10-24 22:17:32 --> syntax error, unexpected '}'
in APPPATH/Controllers/ServiciosController.php on line 69.
 1 SYSTEMPATH/Autoloader/Autoloader.php(259): CodeIgniter\Autoloader\Autoloader->includeFile()
 2 SYSTEMPATH/Autoloader/Autoloader.php(237): CodeIgniter\Autoloader\Autoloader->loadInNamespace()
 3 [internal function]: CodeIgniter\Autoloader\Autoloader->loadClass()
 4 [internal function]: spl_autoload_call()
 5 SYSTEMPATH/CodeIgniter.php(852): class_exists()
 6 SYSTEMPATH/CodeIgniter.php(444): CodeIgniter\CodeIgniter->startController()
 7 SYSTEMPATH/CodeIgniter.php(340): CodeIgniter\CodeIgniter->handleRequest()
 8 FCPATH/index.php(67): CodeIgniter\CodeIgniter->run()
 9 SYSTEMPATH/Commands/Server/rewrite.php(46): require_once('FCPATH/index.php')
ERROR - 2022-10-24 22:42:47 --> mysqli_sql_exception: Table 'ordenanzas.servicios_municipales' doesn't exist in /home/linkerb/alcaldia/ordenanzasamss/vendor/codeigniter4/framework/system/Database/MySQLi/Connection.php:292
Stack trace:
#0 /home/linkerb/alcaldia/ordenanzasamss/vendor/codeigniter4/framework/system/Database/MySQLi/Connection.php(292): mysqli->query()
#1 /home/linkerb/alcaldia/ordenanzasamss/vendor/codeigniter4/framework/system/Database/BaseConnection.php(693): CodeIgniter\Database\MySQLi\Connection->execute()
#2 /home/linkerb/alcaldia/ordenanzasamss/vendor/codeigniter4/framework/system/Database/BaseConnection.php(620): CodeIgniter\Database\BaseConnection->simpleQuery()
#3 /home/linkerb/alcaldia/ordenanzasamss/vendor/codeigniter4/framework/system/Database/BaseBuilder.php(1585): CodeIgniter\Database\BaseConnection->query()
#4 /home/linkerb/alcaldia/ordenanzasamss/app/Controllers/ServiciosController.php(32): CodeIgniter\Database\BaseBuilder->get()
#5 /home/linkerb/alcaldia/ordenanzasamss/vendor/codeigniter4/framework/system/CodeIgniter.php(902): App\Controllers\ServiciosController->getServicios()
#6 /home/linkerb/alcaldia/ordenanzasamss/vendor/codeigniter4/framework/system/CodeIgniter.php(457): CodeIgniter\CodeIgniter->runController()
#7 /home/linkerb/alcaldia/ordenanzasamss/vendor/codeigniter4/framework/system/CodeIgniter.php(340): CodeIgniter\CodeIgniter->handleRequest()
#8 /home/linkerb/alcaldia/ordenanzasamss/public/index.php(67): CodeIgniter\CodeIgniter->run()
#9 /home/linkerb/alcaldia/ordenanzasamss/vendor/codeigniter4/framework/system/Commands/Server/rewrite.php(46): require_once('/home/linkerb/a...')
#10 {main}
CRITICAL - 2022-10-24 22:42:47 --> Call to a member function getRowArray() on bool
in APPPATH/Controllers/ServiciosController.php on line 33.
 1 SYSTEMPATH/CodeIgniter.php(902): App\Controllers\ServiciosController->getServicios()
 2 SYSTEMPATH/CodeIgniter.php(457): CodeIgniter\CodeIgniter->runController()
 3 SYSTEMPATH/CodeIgniter.php(340): CodeIgniter\CodeIgniter->handleRequest()
 4 FCPATH/index.php(67): CodeIgniter\CodeIgniter->run()
 5 SYSTEMPATH/Commands/Server/rewrite.php(46): require_once('FCPATH/index.php')
